# JRE version: Java(TM) SE Runtime Environment (7.0_80-b15) (build 1.7.0_80-b15)
# Java VM: Java HotSpot(TM) 64-Bit Server VM (24.80-b11 mixed mode windows-amd64 compressed oops)
Heap
 PSYoungGen      total 34304K, used 4K [0x00000007d5c80000, 0x00000007d8700000, 0x0000000800000000)
  eden space 26112K, 0% used [0x00000007d5c80000,0x00000007d5c810f0,0x00000007d7600000)
  from space 8192K, 0% used [0x00000007d7f00000,0x00000007d7f00000,0x00000007d8700000)
  to   space 8704K, 0% used [0x00000007d7600000,0x00000007d7600000,0x00000007d7e80000)
 ParOldGen       total 871424K, used 14058K [0x0000000781600000, 0x00000007b6900000, 0x00000007d5c80000)
  object space 871424K, 1% used [0x0000000781600000,0x00000007823ba9b0,0x00000007b6900000)
 PSPermGen       total 83968K, used 83967K [0x000000077c400000, 0x0000000781600000, 0x0000000781600000)
  object space 83968K, 99% used [0x000000077c400000,0x00000007815fffc0,0x0000000781600000)
GC Heap History (10 events):
Event: 1287.461 GC heap before
{Heap before GC invocations=40 (full 8):
 PSYoungGen      total 34304K, used 224K [0x00000007d5c80000, 0x00000007d8780000, 0x0000000800000000)
  eden space 25600K, 0% used [0x00000007d5c80000,0x00000007d5c80000,0x00000007d7580000)
  from space 8704K, 2% used [0x00000007d7f00000,0x00000007d7f38000,0x00000007d8780000)
  to   space 9216K, 0% used [0x00000007d7580000,0x00000007d7580000,0x00000007d7e80000)
 ParOldGen       total 441344K, used 14111K [0x0000000781600000, 0x000000079c500000, 0x00000007d5c80000)
  object space 441344K, 3% used [0x0000000781600000,0x00000007823c7f10,0x000000079c500000)
 PSPermGen       total 83968K, used 83967K [0x000000077c400000, 0x0000000781600000, 0x0000000781600000)
  object space 83968K, 99% used [0x000000077c400000,0x00000007815fffb8,0x0000000781600000)
Event: 1287.552 GC heap after
Heap after GC invocations=40 (full 8):
 PSYoungGen      total 34304K, used 0K [0x00000007d5c80000, 0x00000007d8780000, 0x0000000800000000)
  eden space 25600K, 0% used [0x00000007d5c80000,0x00000007d5c80000,0x00000007d7580000)
  from space 8704K, 0% used [0x00000007d7f00000,0x00000007d7f00000,0x00000007d8780000)
  to   space 9216K, 0% used [0x00000007d7580000,0x00000007d7580000,0x00000007d7e80000)
 ParOldGen       total 567296K, used 14100K [0x0000000781600000, 0x00000007a4000000, 0x00000007d5c80000)
  object space 567296K, 2% used [0x0000000781600000,0x00000007823c5150,0x00000007a4000000)
 PSPermGen       total 83968K, used 83938K [0x000000077c400000, 0x0000000781600000, 0x0000000781600000)
  object space 83968K, 99% used [0x000000077c400000,0x00000007815f8b00,0x0000000781600000)
}
Event: 1341.503 GC heap before
{Heap before GC invocations=41 (full 8):
 PSYoungGen      total 34304K, used 556K [0x00000007d5c80000, 0x00000007d8780000, 0x0000000800000000)
  eden space 25600K, 2% used [0x00000007d5c80000,0x00000007d5d0b150,0x00000007d7580000)
  from space 8704K, 0% used [0x00000007d7f00000,0x00000007d7f00000,0x00000007d8780000)
  to   space 9216K, 0% used [0x00000007d7580000,0x00000007d7580000,0x00000007d7e80000)
 ParOldGen       total 567296K, used 14100K [0x0000000781600000, 0x00000007a4000000, 0x00000007d5c80000)
  object space 567296K, 2% used [0x0000000781600000,0x00000007823c5150,0x00000007a4000000)
 PSPermGen       total 83968K, used 83967K [0x000000077c400000, 0x0000000781600000, 0x0000000781600000)
  object space 83968K, 99% used [0x000000077c400000,0x00000007815fffe0,0x0000000781600000)
Event: 1341.505 GC heap after
Heap after GC invocations=41 (full 8):
 PSYoungGen      total 34816K, used 256K [0x00000007d5c80000, 0x00000007d8800000, 0x0000000800000000)
  eden space 25600K, 0% used [0x00000007d5c80000,0x00000007d5c80000,0x00000007d7580000)
  from space 9216K, 2% used [0x00000007d7580000,0x00000007d75c0000,0x00000007d7e80000)
  to   space 9216K, 0% used [0x00000007d7f00000,0x00000007d7f00000,0x00000007d8800000)
 ParOldGen       total 567296K, used 14100K [0x0000000781600000, 0x00000007a4000000, 0x00000007d5c80000)
  object space 567296K, 2% used [0x0000000781600000,0x00000007823c5150,0x00000007a4000000)
 PSPermGen       total 83968K, used 83967K [0x000000077c400000, 0x0000000781600000, 0x0000000781600000)
  object space 83968K, 99% used [0x000000077c400000,0x00000007815fffe0,0x0000000781600000)
}
Event: 1341.505 GC heap before
{Heap before GC invocations=42 (full 9):
 PSYoungGen      total 34816K, used 256K [0x00000007d5c80000, 0x00000007d8800000, 0x0000000800000000)
  eden space 25600K, 0% used [0x00000007d5c80000,0x00000007d5c80000,0x00000007d7580000)
  from space 9216K, 2% used [0x00000007d7580000,0x00000007d75c0000,0x00000007d7e80000)
  to   space 9216K, 0% used [0x00000007d7f00000,0x00000007d7f00000,0x00000007d8800000)
 ParOldGen       total 567296K, used 14100K [0x0000000781600000, 0x00000007a4000000, 0x00000007d5c80000)
  object space 567296K, 2% used [0x0000000781600000,0x00000007823c5150,0x00000007a4000000)
 PSPermGen       total 83968K, used 83967K [0x000000077c400000, 0x0000000781600000, 0x0000000781600000)
  object space 83968K, 99% used [0x000000077c400000,0x00000007815fffe0,0x0000000781600000)
Event: 1341.576 GC heap after
Heap after GC invocations=42 (full 9):
 PSYoungGen      total 34816K, used 0K [0x00000007d5c80000, 0x00000007d8800000, 0x0000000800000000)
  eden space 25600K, 0% used [0x00000007d5c80000,0x00000007d5c80000,0x00000007d7580000)
  from space 9216K, 0% used [0x00000007d7580000,0x00000007d7580000,0x00000007d7e80000)
  to   space 9216K, 0% used [0x00000007d7f00000,0x00000007d7f00000,0x00000007d8800000)
 ParOldGen       total 702976K, used 14069K [0x0000000781600000, 0x00000007ac480000, 0x00000007d5c80000)
  object space 702976K, 2% used [0x0000000781600000,0x00000007823bd680,0x00000007ac480000)
 PSPermGen       total 83968K, used 83967K [0x000000077c400000, 0x0000000781600000, 0x0000000781600000)
  object space 83968K, 99% used [0x000000077c400000,0x00000007815fffc0,0x0000000781600000)
}
Event: 1341.576 GC heap before
{Heap before GC invocations=43 (full 9):
 PSYoungGen      total 34816K, used 0K [0x00000007d5c80000, 0x00000007d8800000, 0x0000000800000000)
  eden space 25600K, 0% used [0x00000007d5c80000,0x00000007d5c80000,0x00000007d7580000)
  from space 9216K, 0% used [0x00000007d7580000,0x00000007d7580000,0x00000007d7e80000)
  to   space 9216K, 0% used [0x00000007d7f00000,0x00000007d7f00000,0x00000007d8800000)
 ParOldGen       total 702976K, used 14069K [0x0000000781600000, 0x00000007ac480000, 0x00000007d5c80000)
  object space 702976K, 2% used [0x0000000781600000,0x00000007823bd680,0x00000007ac480000)
 PSPermGen       total 83968K, used 83967K [0x000000077c400000, 0x0000000781600000, 0x0000000781600000)
  object space 83968K, 99% used [0x000000077c400000,0x00000007815fffc0,0x0000000781600000)
Event: 1341.577 GC heap after
Heap after GC invocations=43 (full 9):
 PSYoungGen      total 34304K, used 0K [0x00000007d5c80000, 0x00000007d8700000, 0x0000000800000000)
  eden space 26112K, 0% used [0x00000007d5c80000,0x00000007d5c80000,0x00000007d7600000)
  from space 8192K, 0% used [0x00000007d7f00000,0x00000007d7f00000,0x00000007d8700000)
  to   space 8704K, 0% used [0x00000007d7600000,0x00000007d7600000,0x00000007d7e80000)
 ParOldGen       total 702976K, used 14069K [0x0000000781600000, 0x00000007ac480000, 0x00000007d5c80000)
  object space 702976K, 2% used [0x0000000781600000,0x00000007823bd680,0x00000007ac480000)
 PSPermGen       total 83968K, used 83967K [0x000000077c400000, 0x0000000781600000, 0x0000000781600000)
  object space 83968K, 99% used [0x000000077c400000,0x00000007815fffc0,0x0000000781600000)
}
Event: 1341.577 GC heap before
{Heap before GC invocations=44 (full 10):
 PSYoungGen      total 34304K, used 0K [0x00000007d5c80000, 0x00000007d8700000, 0x0000000800000000)
  eden space 26112K, 0% used [0x00000007d5c80000,0x00000007d5c80000,0x00000007d7600000)
  from space 8192K, 0% used [0x00000007d7f00000,0x00000007d7f00000,0x00000007d8700000)
  to   space 8704K, 0% used [0x00000007d7600000,0x00000007d7600000,0x00000007d7e80000)
 ParOldGen       total 702976K, used 14069K [0x0000000781600000, 0x00000007ac480000, 0x00000007d5c80000)
  object space 702976K, 2% used [0x0000000781600000,0x00000007823bd680,0x00000007ac480000)
 PSPermGen       total 83968K, used 83967K [0x000000077c400000, 0x0000000781600000, 0x0000000781600000)
  object space 83968K, 99% used [0x000000077c400000,0x00000007815fffc0,0x0000000781600000)
Event: 1341.695 GC heap after
Heap after GC invocations=44 (full 10):
 PSYoungGen      total 34304K, used 0K [0x00000007d5c80000, 0x00000007d8700000, 0x0000000800000000)
  eden space 26112K, 0% used [0x00000007d5c80000,0x00000007d5c80000,0x00000007d7600000)
  from space 8192K, 0% used [0x00000007d7f00000,0x00000007d7f00000,0x00000007d8700000)
  to   space 8704K, 0% used [0x00000007d7600000,0x00000007d7600000,0x00000007d7e80000)
 ParOldGen       total 871424K, used 14058K [0x0000000781600000, 0x00000007b6900000, 0x00000007d5c80000)
  object space 871424K, 1% used [0x0000000781600000,0x00000007823ba9b0,0x00000007b6900000)
 PSPermGen       total 83968K, used 83967K [0x000000077c400000, 0x0000000781600000, 0x0000000781600000)
  object space 83968K, 99% used [0x000000077c400000,0x00000007815fffc0,0x0000000781600000)
}

