# JRE version: Java(TM) SE Runtime Environment (7.0_80-b15) (build 1.7.0_80-b15)
# Java VM: Java HotSpot(TM) 64-Bit Server VM (24.80-b11 mixed mode windows-amd64 compressed oops)
Heap
 PSYoungGen      total 32256K, used 0K [0x00000007d5c80000, 0x00000007d7f80000, 0x0000000800000000)
  eden space 29184K, 0% used [0x00000007d5c80000,0x00000007d5c80000,0x00000007d7900000)
  from space 3072K, 0% used [0x00000007d7900000,0x00000007d7900000,0x00000007d7c00000)
  to   space 3072K, 0% used [0x00000007d7c80000,0x00000007d7c80000,0x00000007d7f80000)
 ParOldGen       total 1382912K, used 14515K [0x0000000781600000, 0x00000007d5c80000, 0x00000007d5c80000)
  object space 1382912K, 1% used [0x0000000781600000,0x000000078242cce8,0x00000007d5c80000)
 PSPermGen       total 83968K, used 83967K [0x000000077c400000, 0x0000000781600000, 0x0000000781600000)
  object space 83968K, 99% used [0x000000077c400000,0x00000007815ffdc8,0x0000000781600000)
GC Heap History (10 events):
Event: 5873.629 GC heap before
{Heap before GC invocations=77 (full 22):
 PSYoungGen      total 32256K, used 0K [0x00000007d5c80000, 0x00000007d8000000, 0x0000000800000000)
  eden space 28672K, 0% used [0x00000007d5c80000,0x00000007d5c80000,0x00000007d7880000)
  from space 3584K, 0% used [0x00000007d7880000,0x00000007d7880000,0x00000007d7c00000)
  to   space 3584K, 0% used [0x00000007d7c80000,0x00000007d7c80000,0x00000007d8000000)
 ParOldGen       total 1382912K, used 14520K [0x0000000781600000, 0x00000007d5c80000, 0x00000007d5c80000)
  object space 1382912K, 1% used [0x0000000781600000,0x000000078242e110,0x00000007d5c80000)
 PSPermGen       total 83968K, used 83964K [0x000000077c400000, 0x0000000781600000, 0x0000000781600000)
  object space 83968K, 99% used [0x000000077c400000,0x00000007815ff2f8,0x0000000781600000)
Event: 5873.684 GC heap after
Heap after GC invocations=77 (full 22):
 PSYoungGen      total 32256K, used 0K [0x00000007d5c80000, 0x00000007d8000000, 0x0000000800000000)
  eden space 28672K, 0% used [0x00000007d5c80000,0x00000007d5c80000,0x00000007d7880000)
  from space 3584K, 0% used [0x00000007d7880000,0x00000007d7880000,0x00000007d7c00000)
  to   space 3584K, 0% used [0x00000007d7c80000,0x00000007d7c80000,0x00000007d8000000)
 ParOldGen       total 1382912K, used 14515K [0x0000000781600000, 0x00000007d5c80000, 0x00000007d5c80000)
  object space 1382912K, 1% used [0x0000000781600000,0x000000078242cdc0,0x00000007d5c80000)
 PSPermGen       total 83968K, used 83964K [0x000000077c400000, 0x0000000781600000, 0x0000000781600000)
  object space 83968K, 99% used [0x000000077c400000,0x00000007815ff2f8,0x0000000781600000)
}
Event: 5882.526 GC heap before
{Heap before GC invocations=78 (full 22):
 PSYoungGen      total 32256K, used 432K [0x00000007d5c80000, 0x00000007d8000000, 0x0000000800000000)
  eden space 28672K, 1% used [0x00000007d5c80000,0x00000007d5cec398,0x00000007d7880000)
  from space 3584K, 0% used [0x00000007d7880000,0x00000007d7880000,0x00000007d7c00000)
  to   space 3584K, 0% used [0x00000007d7c80000,0x00000007d7c80000,0x00000007d8000000)
 ParOldGen       total 1382912K, used 14515K [0x0000000781600000, 0x00000007d5c80000, 0x00000007d5c80000)
  object space 1382912K, 1% used [0x0000000781600000,0x000000078242cdc0,0x00000007d5c80000)
 PSPermGen       total 83968K, used 83967K [0x000000077c400000, 0x0000000781600000, 0x0000000781600000)
  object space 83968K, 99% used [0x000000077c400000,0x00000007815ffdc8,0x0000000781600000)
Event: 5882.528 GC heap after
Heap after GC invocations=78 (full 22):
 PSYoungGen      total 31744K, used 160K [0x00000007d5c80000, 0x00000007d7f00000, 0x0000000800000000)
  eden space 29184K, 0% used [0x00000007d5c80000,0x00000007d5c80000,0x00000007d7900000)
  from space 2560K, 6% used [0x00000007d7c80000,0x00000007d7ca8000,0x00000007d7f00000)
  to   space 3072K, 0% used [0x00000007d7900000,0x00000007d7900000,0x00000007d7c00000)
 ParOldGen       total 1382912K, used 14515K [0x0000000781600000, 0x00000007d5c80000, 0x00000007d5c80000)
  object space 1382912K, 1% used [0x0000000781600000,0x000000078242cdc0,0x00000007d5c80000)
 PSPermGen       total 83968K, used 83967K [0x000000077c400000, 0x0000000781600000, 0x0000000781600000)
  object space 83968K, 99% used [0x000000077c400000,0x00000007815ffdc8,0x0000000781600000)
}
Event: 5882.528 GC heap before
{Heap before GC invocations=79 (full 23):
 PSYoungGen      total 31744K, used 160K [0x00000007d5c80000, 0x00000007d7f00000, 0x0000000800000000)
  eden space 29184K, 0% used [0x00000007d5c80000,0x00000007d5c80000,0x00000007d7900000)
  from space 2560K, 6% used [0x00000007d7c80000,0x00000007d7ca8000,0x00000007d7f00000)
  to   space 3072K, 0% used [0x00000007d7900000,0x00000007d7900000,0x00000007d7c00000)
 ParOldGen       total 1382912K, used 14515K [0x0000000781600000, 0x00000007d5c80000, 0x00000007d5c80000)
  object space 1382912K, 1% used [0x0000000781600000,0x000000078242cdc0,0x00000007d5c80000)
 PSPermGen       total 83968K, used 83967K [0x000000077c400000, 0x0000000781600000, 0x0000000781600000)
  object space 83968K, 99% used [0x000000077c400000,0x00000007815ffdc8,0x0000000781600000)
Event: 5882.588 GC heap after
Heap after GC invocations=79 (full 23):
 PSYoungGen      total 31744K, used 0K [0x00000007d5c80000, 0x00000007d7f00000, 0x0000000800000000)
  eden space 29184K, 0% used [0x00000007d5c80000,0x00000007d5c80000,0x00000007d7900000)
  from space 2560K, 0% used [0x00000007d7c80000,0x00000007d7c80000,0x00000007d7f00000)
  to   space 3072K, 0% used [0x00000007d7900000,0x00000007d7900000,0x00000007d7c00000)
 ParOldGen       total 1382912K, used 14515K [0x0000000781600000, 0x00000007d5c80000, 0x00000007d5c80000)
  object space 1382912K, 1% used [0x0000000781600000,0x000000078242cce8,0x00000007d5c80000)
 PSPermGen       total 83968K, used 83967K [0x000000077c400000, 0x0000000781600000, 0x0000000781600000)
  object space 83968K, 99% used [0x000000077c400000,0x00000007815ffdc8,0x0000000781600000)
}
Event: 5882.588 GC heap before
{Heap before GC invocations=80 (full 23):
 PSYoungGen      total 31744K, used 0K [0x00000007d5c80000, 0x00000007d7f00000, 0x0000000800000000)
  eden space 29184K, 0% used [0x00000007d5c80000,0x00000007d5c80000,0x00000007d7900000)
  from space 2560K, 0% used [0x00000007d7c80000,0x00000007d7c80000,0x00000007d7f00000)
  to   space 3072K, 0% used [0x00000007d7900000,0x00000007d7900000,0x00000007d7c00000)
 ParOldGen       total 1382912K, used 14515K [0x0000000781600000, 0x00000007d5c80000, 0x00000007d5c80000)
  object space 1382912K, 1% used [0x0000000781600000,0x000000078242cce8,0x00000007d5c80000)
 PSPermGen       total 83968K, used 83967K [0x000000077c400000, 0x0000000781600000, 0x0000000781600000)
  object space 83968K, 99% used [0x000000077c400000,0x00000007815ffdc8,0x0000000781600000)
Event: 5882.590 GC heap after
Heap after GC invocations=80 (full 23):
 PSYoungGen      total 32256K, used 0K [0x00000007d5c80000, 0x00000007d7f80000, 0x0000000800000000)
  eden space 29184K, 0% used [0x00000007d5c80000,0x00000007d5c80000,0x00000007d7900000)
  from space 3072K, 0% used [0x00000007d7900000,0x00000007d7900000,0x00000007d7c00000)
  to   space 3072K, 0% used [0x00000007d7c80000,0x00000007d7c80000,0x00000007d7f80000)
 ParOldGen       total 1382912K, used 14515K [0x0000000781600000, 0x00000007d5c80000, 0x00000007d5c80000)
  object space 1382912K, 1% used [0x0000000781600000,0x000000078242cce8,0x00000007d5c80000)
 PSPermGen       total 83968K, used 83967K [0x000000077c400000, 0x0000000781600000, 0x0000000781600000)
  object space 83968K, 99% used [0x000000077c400000,0x00000007815ffdc8,0x0000000781600000)
}
Event: 5882.590 GC heap before
{Heap before GC invocations=81 (full 24):
 PSYoungGen      total 32256K, used 0K [0x00000007d5c80000, 0x00000007d7f80000, 0x0000000800000000)
  eden space 29184K, 0% used [0x00000007d5c80000,0x00000007d5c80000,0x00000007d7900000)
  from space 3072K, 0% used [0x00000007d7900000,0x00000007d7900000,0x00000007d7c00000)
  to   space 3072K, 0% used [0x00000007d7c80000,0x00000007d7c80000,0x00000007d7f80000)
 ParOldGen       total 1382912K, used 14515K [0x0000000781600000, 0x00000007d5c80000, 0x00000007d5c80000)
  object space 1382912K, 1% used [0x0000000781600000,0x000000078242cce8,0x00000007d5c80000)
 PSPermGen       total 83968K, used 83967K [0x000000077c400000, 0x0000000781600000, 0x0000000781600000)
  object space 83968K, 99% used [0x000000077c400000,0x00000007815ffdc8,0x0000000781600000)
Event: 5882.645 GC heap after
Heap after GC invocations=81 (full 24):
 PSYoungGen      total 32256K, used 0K [0x00000007d5c80000, 0x00000007d7f80000, 0x0000000800000000)
  eden space 29184K, 0% used [0x00000007d5c80000,0x00000007d5c80000,0x00000007d7900000)
  from space 3072K, 0% used [0x00000007d7900000,0x00000007d7900000,0x00000007d7c00000)
  to   space 3072K, 0% used [0x00000007d7c80000,0x00000007d7c80000,0x00000007d7f80000)
 ParOldGen       total 1382912K, used 14515K [0x0000000781600000, 0x00000007d5c80000, 0x00000007d5c80000)
  object space 1382912K, 1% used [0x0000000781600000,0x000000078242cce8,0x00000007d5c80000)
 PSPermGen       total 83968K, used 83967K [0x000000077c400000, 0x0000000781600000, 0x0000000781600000)
  object space 83968K, 99% used [0x000000077c400000,0x00000007815ffdc8,0x0000000781600000)
}

